2025-07-19 17:36:25,102 - INFO - Iniciando processo de download para Playlist...
2025-07-19 17:36:25,105 - INFO - Tentativa 1/3: Baixando http://m3u4u.com/m3u/3wk1y24kx7uzdevxygz7
2025-07-19 17:36:25,106 - INFO - Tentativa 1/3: Baixando http://m3u4u.com/m3u/jq2zy9epr3bwxmgwyxr5
2025-07-19 17:36:25,106 - INFO - Tentativa 1/3: Baixando http://m3u4u.com/m3u/782dyqdrqkh1xegen4zp
2025-07-19 17:36:25,107 - INFO - Tentativa 1/3: Baixando https://gitlab.com/josieljefferson12/playlists/-/raw/main/PiauiTV.m3u
2025-07-19 17:36:25,107 - INFO - Tentativa 1/3: Baixando https://gitlab.com/josieljefferson12/playlists/-/raw/main/m3u4u_proton.me.m3u
2025-07-19 17:36:25,415 - INFO - Sucesso: /home/runner/work/josieljefferson12.github.io/josieljefferson12.github.io/Playlist/PiauiTV.m3u | Tamanho: 76851 bytes | Hash: ed19d1bee8112f753504aab432876025
2025-07-19 17:36:25,416 - INFO - Tentativa 1/3: Baixando http://m3u4u.com/epg/3wk1y24kx7uzdevxygz7
2025-07-19 17:36:25,514 - INFO - Sucesso: /home/runner/work/josieljefferson12.github.io/josieljefferson12.github.io/Playlist/m3u@proton.me.m3u | Tamanho: 4700379 bytes | Hash: 17e34181bba3a93ed726df4bc76b9a9c
2025-07-19 17:36:25,515 - INFO - Tentativa 1/3: Baixando http://m3u4u.com/epg/jq2zy9epr3bwxmgwyxr5
2025-07-19 17:36:26,134 - INFO - Sucesso: /home/runner/work/josieljefferson12.github.io/josieljefferson12.github.io/Playlist/epgbrasil.m3u | Tamanho: 639011 bytes | Hash: b45a4ecb7e9e16b774d737233baa4560
2025-07-19 17:36:26,134 - INFO - Tentativa 1/3: Baixando http://m3u4u.com/epg/782dyqdrqkh1xegen4zp
2025-07-19 17:36:26,178 - INFO - Sucesso: /home/runner/work/josieljefferson12.github.io/josieljefferson12.github.io/Playlist/epgportugal.m3u | Tamanho: 2262348 bytes | Hash: fce788edd736f5407b18f61966f41949
2025-07-19 17:36:26,296 - INFO - Sucesso: /home/runner/work/josieljefferson12.github.io/josieljefferson12.github.io/Playlist/epgbrasilportugal.m3u | Tamanho: 6833 bytes | Hash: 2b8d239a20f299fbb89cf6cc8933170f
2025-07-19 17:36:26,573 - INFO - Sucesso: /home/runner/work/josieljefferson12.github.io/josieljefferson12.github.io/Playlist/epgportugal.xml.gz | Tamanho: 1990643 bytes | Hash: 2347bd89b7f458b2bc78e55ba761ffa1
2025-07-19 17:36:26,940 - INFO - Sucesso: /home/runner/work/josieljefferson12.github.io/josieljefferson12.github.io/Playlist/epgbrasil.xml.gz | Tamanho: 790202 bytes | Hash: db8276eab1f45d4eea64a02943935a3c
2025-07-19 17:36:27,112 - INFO - Sucesso: /home/runner/work/josieljefferson12.github.io/josieljefferson12.github.io/Playlist/epgbrasilportugal.xml.gz | Tamanho: 113616 bytes | Hash: 2be9cf6274abf8b8ce869e78ed082da9
2025-07-19 17:36:27,113 - INFO - Todos os downloads foram concluídos com sucesso!
2025-07-19 18:56:25,247 - INFO - Iniciando processo de download para Playlist...
2025-07-19 18:56:25,250 - INFO - Tentativa 1/3: Baixando http://m3u4u.com/m3u/3wk1y24kx7uzdevxygz7
2025-07-19 18:56:25,250 - INFO - Tentativa 1/3: Baixando http://m3u4u.com/m3u/jq2zy9epr3bwxmgwyxr5
2025-07-19 18:56:25,250 - INFO - Tentativa 1/3: Baixando http://m3u4u.com/m3u/782dyqdrqkh1xegen4zp
2025-07-19 18:56:25,251 - INFO - Tentativa 1/3: Baixando https://gitlab.com/josieljefferson12/playlists/-/raw/main/PiauiTV.m3u
2025-07-19 18:56:25,251 - INFO - Tentativa 1/3: Baixando https://gitlab.com/josieljefferson12/playlists/-/raw/main/m3u4u_proton.me.m3u
2025-07-19 18:56:25,409 - INFO - Sucesso: /home/runner/work/josieljefferson12.github.io/josieljefferson12.github.io/Playlist/PiauiTV.m3u | Tamanho: 76851 bytes | Hash: ed19d1bee8112f753504aab432876025
2025-07-19 18:56:25,409 - INFO - Tentativa 1/3: Baixando http://m3u4u.com/epg/3wk1y24kx7uzdevxygz7
2025-07-19 18:56:25,460 - INFO - Sucesso: /home/runner/work/josieljefferson12.github.io/josieljefferson12.github.io/Playlist/m3u@proton.me.m3u | Tamanho: 4700379 bytes | Hash: 17e34181bba3a93ed726df4bc76b9a9c
2025-07-19 18:56:25,461 - INFO - Tentativa 1/3: Baixando http://m3u4u.com/epg/jq2zy9epr3bwxmgwyxr5
2025-07-19 18:56:26,142 - INFO - Sucesso: /home/runner/work/josieljefferson12.github.io/josieljefferson12.github.io/Playlist/epgportugal.m3u | Tamanho: 2262348 bytes | Hash: fce788edd736f5407b18f61966f41949
2025-07-19 18:56:26,142 - INFO - Tentativa 1/3: Baixando http://m3u4u.com/epg/782dyqdrqkh1xegen4zp
2025-07-19 18:56:26,179 - INFO - Sucesso: /home/runner/work/josieljefferson12.github.io/josieljefferson12.github.io/Playlist/epgbrasilportugal.m3u | Tamanho: 6833 bytes | Hash: 2b8d239a20f299fbb89cf6cc8933170f
2025-07-19 18:56:26,273 - INFO - Sucesso: /home/runner/work/josieljefferson12.github.io/josieljefferson12.github.io/Playlist/epgbrasil.m3u | Tamanho: 639011 bytes | Hash: b45a4ecb7e9e16b774d737233baa4560
2025-07-19 18:56:26,519 - INFO - Sucesso: /home/runner/work/josieljefferson12.github.io/josieljefferson12.github.io/Playlist/epgbrasil.xml.gz | Tamanho: 790202 bytes | Hash: db8276eab1f45d4eea64a02943935a3c
2025-07-19 18:56:26,870 - INFO - Sucesso: /home/runner/work/josieljefferson12.github.io/josieljefferson12.github.io/Playlist/epgportugal.xml.gz | Tamanho: 1990643 bytes | Hash: 2347bd89b7f458b2bc78e55ba761ffa1
2025-07-19 18:56:27,461 - INFO - Sucesso: /home/runner/work/josieljefferson12.github.io/josieljefferson12.github.io/Playlist/epgbrasilportugal.xml.gz | Tamanho: 113616 bytes | Hash: 2be9cf6274abf8b8ce869e78ed082da9
2025-07-19 18:56:27,461 - INFO - Todos os downloads foram concluídos com sucesso!
